The system is: Linux - 4.8.13-1-ARCH - x86_64
Compiling the C compiler identification source file "CMakeCCompilerId.c" succeeded.
Compiler: /usr/bin/cc 
Build flags: 
Id flags: 

The output was:
0


Compilation of the C compiler identification source "CMakeCCompilerId.c" produced "a.out"

The C compiler identification is GNU, found in "/home/jupiter/programs/MITIE/mitielib/build/CMakeFiles/3.7.2/CompilerIdC/a.out"

Compiling the CXX compiler identification source file "CMakeCXXCompilerId.cpp" succeeded.
Compiler: /usr/bin/c++ 
Build flags: 
Id flags: 

The output was:
0


Compilation of the CXX compiler identification source "CMakeCXXCompilerId.cpp" produced "a.out"

The CXX compiler identification is GNU, found in "/home/jupiter/programs/MITIE/mitielib/build/CMakeFiles/3.7.2/CompilerIdCXX/a.out"

Determining if the C compiler works passed with the following output:
Change Dir: /home/jupiter/programs/MITIE/mitielib/build/CMakeFiles/CMakeTmp

Run Build Command:"/usr/bin/make" "cmTC_b6c06/fast"
/usr/bin/make -f CMakeFiles/cmTC_b6c06.dir/build.make CMakeFiles/cmTC_b6c06.dir/build
make[1]: Entering directory '/home/jupiter/programs/MITIE/mitielib/build/CMakeFiles/CMakeTmp'
Building C object CMakeFiles/cmTC_b6c06.dir/testCCompiler.c.o
/usr/bin/cc     -o CMakeFiles/cmTC_b6c06.dir/testCCompiler.c.o   -c /home/jupiter/programs/MITIE/mitielib/build/CMakeFiles/CMakeTmp/testCCompiler.c
Linking C executable cmTC_b6c06
/usr/bin/cmake -E cmake_link_script CMakeFiles/cmTC_b6c06.dir/link.txt --verbose=1
/usr/bin/cc       CMakeFiles/cmTC_b6c06.dir/testCCompiler.c.o  -o cmTC_b6c06 -rdynamic 
make[1]: Leaving directory '/home/jupiter/programs/MITIE/mitielib/build/CMakeFiles/CMakeTmp'


Detecting C compiler ABI info compiled with the following output:
Change Dir: /home/jupiter/programs/MITIE/mitielib/build/CMakeFiles/CMakeTmp

Run Build Command:"/usr/bin/make" "cmTC_3d9ab/fast"
/usr/bin/make -f CMakeFiles/cmTC_3d9ab.dir/build.make CMakeFiles/cmTC_3d9ab.dir/build
make[1]: Entering directory '/home/jupiter/programs/MITIE/mitielib/build/CMakeFiles/CMakeTmp'
Building C object CMakeFiles/cmTC_3d9ab.dir/CMakeCCompilerABI.c.o
/usr/bin/cc     -o CMakeFiles/cmTC_3d9ab.dir/CMakeCCompilerABI.c.o   -c /usr/share/cmake-3.7/Modules/CMakeCCompilerABI.c
Linking C executable cmTC_3d9ab
/usr/bin/cmake -E cmake_link_script CMakeFiles/cmTC_3d9ab.dir/link.txt --verbose=1
/usr/bin/cc      -v CMakeFiles/cmTC_3d9ab.dir/CMakeCCompilerABI.c.o  -o cmTC_3d9ab -rdynamic  
Using built-in specs.
COLLECT_GCC=/usr/bin/cc
COLLECT_LTO_WRAPPER=/usr/lib/gcc/x86_64-pc-linux-gnu/6.3.1/lto-wrapper
Target: x86_64-pc-linux-gnu
Configured with: /build/gcc-multilib/src/gcc/configure --prefix=/usr --libdir=/usr/lib --libexecdir=/usr/lib --mandir=/usr/share/man --infodir=/usr/share/info --with-bugurl=https://bugs.archlinux.org/ --enable-languages=c,c++,ada,fortran,go,lto,objc,obj-c++ --enable-shared --enable-threads=posix --enable-libmpx --with-system-zlib --with-isl --enable-__cxa_atexit --disable-libunwind-exceptions --enable-clocale=gnu --disable-libstdcxx-pch --disable-libssp --enable-gnu-unique-object --enable-linker-build-id --enable-lto --enable-plugin --enable-install-libiberty --with-linker-hash-style=gnu --enable-gnu-indirect-function --enable-multilib --disable-werror --enable-checking=release
Thread model: posix
gcc version 6.3.1 20170109 (GCC) 
COMPILER_PATH=/usr/lib/gcc/x86_64-pc-linux-gnu/6.3.1/:/usr/lib/gcc/x86_64-pc-linux-gnu/6.3.1/:/usr/lib/gcc/x86_64-pc-linux-gnu/:/usr/lib/gcc/x86_64-pc-linux-gnu/6.3.1/:/usr/lib/gcc/x86_64-pc-linux-gnu/
LIBRARY_PATH=/usr/lib/gcc/x86_64-pc-linux-gnu/6.3.1/:/usr/lib/gcc/x86_64-pc-linux-gnu/6.3.1/../../../../lib/:/lib/../lib/:/usr/lib/../lib/:/usr/lib/gcc/x86_64-pc-linux-gnu/6.3.1/../../../:/lib/:/usr/lib/
COLLECT_GCC_OPTIONS='-v' '-o' 'cmTC_3d9ab' '-rdynamic' '-mtune=generic' '-march=x86-64'
 /usr/lib/gcc/x86_64-pc-linux-gnu/6.3.1/collect2 -plugin /usr/lib/gcc/x86_64-pc-linux-gnu/6.3.1/liblto_plugin.so -plugin-opt=/usr/lib/gcc/x86_64-pc-linux-gnu/6.3.1/lto-wrapper -plugin-opt=-fresolution=/tmp/ccoul7zD.res -plugin-opt=-pass-through=-lgcc -plugin-opt=-pass-through=-lgcc_s -plugin-opt=-pass-through=-lc -plugin-opt=-pass-through=-lgcc -plugin-opt=-pass-through=-lgcc_s --build-id --eh-frame-hdr --hash-style=gnu -m elf_x86_64 -export-dynamic -dynamic-linker /lib64/ld-linux-x86-64.so.2 -o cmTC_3d9ab /usr/lib/gcc/x86_64-pc-linux-gnu/6.3.1/../../../../lib/crt1.o /usr/lib/gcc/x86_64-pc-linux-gnu/6.3.1/../../../../lib/crti.o /usr/lib/gcc/x86_64-pc-linux-gnu/6.3.1/crtbegin.o -L/usr/lib/gcc/x86_64-pc-linux-gnu/6.3.1 -L/usr/lib/gcc/x86_64-pc-linux-gnu/6.3.1/../../../../lib -L/lib/../lib -L/usr/lib/../lib -L/usr/lib/gcc/x86_64-pc-linux-gnu/6.3.1/../../.. CMakeFiles/cmTC_3d9ab.dir/CMakeCCompilerABI.c.o -lgcc --as-needed -lgcc_s --no-as-needed -lc -lgcc --as-needed -lgcc_s --no-as-needed /usr/lib/gcc/x86_64-pc-linux-gnu/6.3.1/crtend.o /usr/lib/gcc/x86_64-pc-linux-gnu/6.3.1/../../../../lib/crtn.o
COLLECT_GCC_OPTIONS='-v' '-o' 'cmTC_3d9ab' '-rdynamic' '-mtune=generic' '-march=x86-64'
make[1]: Leaving directory '/home/jupiter/programs/MITIE/mitielib/build/CMakeFiles/CMakeTmp'


Parsed C implicit link information from above output:
  link line regex: [^( *|.*[/\])(ld|([^/\]+-)?ld|collect2)[^/\]*( |$)]
  ignore line: [Change Dir: /home/jupiter/programs/MITIE/mitielib/build/CMakeFiles/CMakeTmp]
  ignore line: []
  ignore line: [Run Build Command:"/usr/bin/make" "cmTC_3d9ab/fast"]
  ignore line: [/usr/bin/make -f CMakeFiles/cmTC_3d9ab.dir/build.make CMakeFiles/cmTC_3d9ab.dir/build]
  ignore line: [make[1]: Entering directory '/home/jupiter/programs/MITIE/mitielib/build/CMakeFiles/CMakeTmp']
  ignore line: [Building C object CMakeFiles/cmTC_3d9ab.dir/CMakeCCompilerABI.c.o]
  ignore line: [/usr/bin/cc     -o CMakeFiles/cmTC_3d9ab.dir/CMakeCCompilerABI.c.o   -c /usr/share/cmake-3.7/Modules/CMakeCCompilerABI.c]
  ignore line: [Linking C executable cmTC_3d9ab]
  ignore line: [/usr/bin/cmake -E cmake_link_script CMakeFiles/cmTC_3d9ab.dir/link.txt --verbose=1]
  ignore line: [/usr/bin/cc      -v CMakeFiles/cmTC_3d9ab.dir/CMakeCCompilerABI.c.o  -o cmTC_3d9ab -rdynamic  ]
  ignore line: [Using built-in specs.]
  ignore line: [COLLECT_GCC=/usr/bin/cc]
  ignore line: [COLLECT_LTO_WRAPPER=/usr/lib/gcc/x86_64-pc-linux-gnu/6.3.1/lto-wrapper]
  ignore line: [Target: x86_64-pc-linux-gnu]
  ignore line: [Configured with: /build/gcc-multilib/src/gcc/configure --prefix=/usr --libdir=/usr/lib --libexecdir=/usr/lib --mandir=/usr/share/man --infodir=/usr/share/info --with-bugurl=https://bugs.archlinux.org/ --enable-languages=c,c++,ada,fortran,go,lto,objc,obj-c++ --enable-shared --enable-threads=posix --enable-libmpx --with-system-zlib --with-isl --enable-__cxa_atexit --disable-libunwind-exceptions --enable-clocale=gnu --disable-libstdcxx-pch --disable-libssp --enable-gnu-unique-object --enable-linker-build-id --enable-lto --enable-plugin --enable-install-libiberty --with-linker-hash-style=gnu --enable-gnu-indirect-function --enable-multilib --disable-werror --enable-checking=release]
  ignore line: [Thread model: posix]
  ignore line: [gcc version 6.3.1 20170109 (GCC) ]
  ignore line: [COMPILER_PATH=/usr/lib/gcc/x86_64-pc-linux-gnu/6.3.1/:/usr/lib/gcc/x86_64-pc-linux-gnu/6.3.1/:/usr/lib/gcc/x86_64-pc-linux-gnu/:/usr/lib/gcc/x86_64-pc-linux-gnu/6.3.1/:/usr/lib/gcc/x86_64-pc-linux-gnu/]
  ignore line: [LIBRARY_PATH=/usr/lib/gcc/x86_64-pc-linux-gnu/6.3.1/:/usr/lib/gcc/x86_64-pc-linux-gnu/6.3.1/../../../../lib/:/lib/../lib/:/usr/lib/../lib/:/usr/lib/gcc/x86_64-pc-linux-gnu/6.3.1/../../../:/lib/:/usr/lib/]
  ignore line: [COLLECT_GCC_OPTIONS='-v' '-o' 'cmTC_3d9ab' '-rdynamic' '-mtune=generic' '-march=x86-64']
  link line: [ /usr/lib/gcc/x86_64-pc-linux-gnu/6.3.1/collect2 -plugin /usr/lib/gcc/x86_64-pc-linux-gnu/6.3.1/liblto_plugin.so -plugin-opt=/usr/lib/gcc/x86_64-pc-linux-gnu/6.3.1/lto-wrapper -plugin-opt=-fresolution=/tmp/ccoul7zD.res -plugin-opt=-pass-through=-lgcc -plugin-opt=-pass-through=-lgcc_s -plugin-opt=-pass-through=-lc -plugin-opt=-pass-through=-lgcc -plugin-opt=-pass-through=-lgcc_s --build-id --eh-frame-hdr --hash-style=gnu -m elf_x86_64 -export-dynamic -dynamic-linker /lib64/ld-linux-x86-64.so.2 -o cmTC_3d9ab /usr/lib/gcc/x86_64-pc-linux-gnu/6.3.1/../../../../lib/crt1.o /usr/lib/gcc/x86_64-pc-linux-gnu/6.3.1/../../../../lib/crti.o /usr/lib/gcc/x86_64-pc-linux-gnu/6.3.1/crtbegin.o -L/usr/lib/gcc/x86_64-pc-linux-gnu/6.3.1 -L/usr/lib/gcc/x86_64-pc-linux-gnu/6.3.1/../../../../lib -L/lib/../lib -L/usr/lib/../lib -L/usr/lib/gcc/x86_64-pc-linux-gnu/6.3.1/../../.. CMakeFiles/cmTC_3d9ab.dir/CMakeCCompilerABI.c.o -lgcc --as-needed -lgcc_s --no-as-needed -lc -lgcc --as-needed -lgcc_s --no-as-needed /usr/lib/gcc/x86_64-pc-linux-gnu/6.3.1/crtend.o /usr/lib/gcc/x86_64-pc-linux-gnu/6.3.1/../../../../lib/crtn.o]
    arg [/usr/lib/gcc/x86_64-pc-linux-gnu/6.3.1/collect2] ==> ignore
    arg [-plugin] ==> ignore
    arg [/usr/lib/gcc/x86_64-pc-linux-gnu/6.3.1/liblto_plugin.so] ==> ignore
    arg [-plugin-opt=/usr/lib/gcc/x86_64-pc-linux-gnu/6.3.1/lto-wrapper] ==> ignore
    arg [-plugin-opt=-fresolution=/tmp/ccoul7zD.res] ==> ignore
    arg [-plugin-opt=-pass-through=-lgcc] ==> ignore
    arg [-plugin-opt=-pass-through=-lgcc_s] ==> ignore
    arg [-plugin-opt=-pass-through=-lc] ==> ignore
    arg [-plugin-opt=-pass-through=-lgcc] ==> ignore
    arg [-plugin-opt=-pass-through=-lgcc_s] ==> ignore
    arg [--build-id] ==> ignore
    arg [--eh-frame-hdr] ==> ignore
    arg [--hash-style=gnu] ==> ignore
    arg [-m] ==> ignore
    arg [elf_x86_64] ==> ignore
    arg [-export-dynamic] ==> ignore
    arg [-dynamic-linker] ==> ignore
    arg [/lib64/ld-linux-x86-64.so.2] ==> ignore
    arg [-o] ==> ignore
    arg [cmTC_3d9ab] ==> ignore
    arg [/usr/lib/gcc/x86_64-pc-linux-gnu/6.3.1/../../../../lib/crt1.o] ==> ignore
    arg [/usr/lib/gcc/x86_64-pc-linux-gnu/6.3.1/../../../../lib/crti.o] ==> ignore
    arg [/usr/lib/gcc/x86_64-pc-linux-gnu/6.3.1/crtbegin.o] ==> ignore
    arg [-L/usr/lib/gcc/x86_64-pc-linux-gnu/6.3.1] ==> dir [/usr/lib/gcc/x86_64-pc-linux-gnu/6.3.1]
    arg [-L/usr/lib/gcc/x86_64-pc-linux-gnu/6.3.1/../../../../lib] ==> dir [/usr/lib/gcc/x86_64-pc-linux-gnu/6.3.1/../../../../lib]
    arg [-L/lib/../lib] ==> dir [/lib/../lib]
    arg [-L/usr/lib/../lib] ==> dir [/usr/lib/../lib]
    arg [-L/usr/lib/gcc/x86_64-pc-linux-gnu/6.3.1/../../..] ==> dir [/usr/lib/gcc/x86_64-pc-linux-gnu/6.3.1/../../..]
    arg [CMakeFiles/cmTC_3d9ab.dir/CMakeCCompilerABI.c.o] ==> ignore
    arg [-lgcc] ==> lib [gcc]
    arg [--as-needed] ==> ignore
    arg [-lgcc_s] ==> lib [gcc_s]
    arg [--no-as-needed] ==> ignore
    arg [-lc] ==> lib [c]
    arg [-lgcc] ==> lib [gcc]
    arg [--as-needed] ==> ignore
    arg [-lgcc_s] ==> lib [gcc_s]
    arg [--no-as-needed] ==> ignore
    arg [/usr/lib/gcc/x86_64-pc-linux-gnu/6.3.1/crtend.o] ==> ignore
    arg [/usr/lib/gcc/x86_64-pc-linux-gnu/6.3.1/../../../../lib/crtn.o] ==> ignore
  remove lib [gcc]
  remove lib [gcc_s]
  remove lib [gcc]
  remove lib [gcc_s]
  collapse library dir [/usr/lib/gcc/x86_64-pc-linux-gnu/6.3.1] ==> [/usr/lib/gcc/x86_64-pc-linux-gnu/6.3.1]
  collapse library dir [/usr/lib/gcc/x86_64-pc-linux-gnu/6.3.1/../../../../lib] ==> [/usr/lib]
  collapse library dir [/lib/../lib] ==> [/lib]
  collapse library dir [/usr/lib/../lib] ==> [/usr/lib]
  collapse library dir [/usr/lib/gcc/x86_64-pc-linux-gnu/6.3.1/../../..] ==> [/usr/lib]
  implicit libs: [c]
  implicit dirs: [/usr/lib/gcc/x86_64-pc-linux-gnu/6.3.1;/usr/lib;/lib]
  implicit fwks: []




Detecting C [-std=c11] compiler features compiled with the following output:
Change Dir: /home/jupiter/programs/MITIE/mitielib/build/CMakeFiles/CMakeTmp

Run Build Command:"/usr/bin/make" "cmTC_a5cd5/fast"
/usr/bin/make -f CMakeFiles/cmTC_a5cd5.dir/build.make CMakeFiles/cmTC_a5cd5.dir/build
make[1]: Entering directory '/home/jupiter/programs/MITIE/mitielib/build/CMakeFiles/CMakeTmp'
Building C object CMakeFiles/cmTC_a5cd5.dir/feature_tests.c.o
/usr/bin/cc    -std=c11 -o CMakeFiles/cmTC_a5cd5.dir/feature_tests.c.o   -c /home/jupiter/programs/MITIE/mitielib/build/CMakeFiles/feature_tests.c
Linking C executable cmTC_a5cd5
/usr/bin/cmake -E cmake_link_script CMakeFiles/cmTC_a5cd5.dir/link.txt --verbose=1
/usr/bin/cc       CMakeFiles/cmTC_a5cd5.dir/feature_tests.c.o  -o cmTC_a5cd5 -rdynamic 
make[1]: Leaving directory '/home/jupiter/programs/MITIE/mitielib/build/CMakeFiles/CMakeTmp'


    Feature record: C_FEATURE:1c_function_prototypes
    Feature record: C_FEATURE:1c_restrict
    Feature record: C_FEATURE:1c_static_assert
    Feature record: C_FEATURE:1c_variadic_macros


Detecting C [-std=c99] compiler features compiled with the following output:
Change Dir: /home/jupiter/programs/MITIE/mitielib/build/CMakeFiles/CMakeTmp

Run Build Command:"/usr/bin/make" "cmTC_92c5a/fast"
/usr/bin/make -f CMakeFiles/cmTC_92c5a.dir/build.make CMakeFiles/cmTC_92c5a.dir/build
make[1]: Entering directory '/home/jupiter/programs/MITIE/mitielib/build/CMakeFiles/CMakeTmp'
Building C object CMakeFiles/cmTC_92c5a.dir/feature_tests.c.o
/usr/bin/cc    -std=c99 -o CMakeFiles/cmTC_92c5a.dir/feature_tests.c.o   -c /home/jupiter/programs/MITIE/mitielib/build/CMakeFiles/feature_tests.c
Linking C executable cmTC_92c5a
/usr/bin/cmake -E cmake_link_script CMakeFiles/cmTC_92c5a.dir/link.txt --verbose=1
/usr/bin/cc       CMakeFiles/cmTC_92c5a.dir/feature_tests.c.o  -o cmTC_92c5a -rdynamic 
make[1]: Leaving directory '/home/jupiter/programs/MITIE/mitielib/build/CMakeFiles/CMakeTmp'


    Feature record: C_FEATURE:1c_function_prototypes
    Feature record: C_FEATURE:1c_restrict
    Feature record: C_FEATURE:0c_static_assert
    Feature record: C_FEATURE:1c_variadic_macros


Detecting C [-std=c90] compiler features compiled with the following output:
Change Dir: /home/jupiter/programs/MITIE/mitielib/build/CMakeFiles/CMakeTmp

Run Build Command:"/usr/bin/make" "cmTC_3898d/fast"
/usr/bin/make -f CMakeFiles/cmTC_3898d.dir/build.make CMakeFiles/cmTC_3898d.dir/build
make[1]: Entering directory '/home/jupiter/programs/MITIE/mitielib/build/CMakeFiles/CMakeTmp'
Building C object CMakeFiles/cmTC_3898d.dir/feature_tests.c.o
/usr/bin/cc    -std=c90 -o CMakeFiles/cmTC_3898d.dir/feature_tests.c.o   -c /home/jupiter/programs/MITIE/mitielib/build/CMakeFiles/feature_tests.c
Linking C executable cmTC_3898d
/usr/bin/cmake -E cmake_link_script CMakeFiles/cmTC_3898d.dir/link.txt --verbose=1
/usr/bin/cc       CMakeFiles/cmTC_3898d.dir/feature_tests.c.o  -o cmTC_3898d -rdynamic 
make[1]: Leaving directory '/home/jupiter/programs/MITIE/mitielib/build/CMakeFiles/CMakeTmp'


    Feature record: C_FEATURE:1c_function_prototypes
    Feature record: C_FEATURE:0c_restrict
    Feature record: C_FEATURE:0c_static_assert
    Feature record: C_FEATURE:0c_variadic_macros
Determining if the CXX compiler works passed with the following output:
Change Dir: /home/jupiter/programs/MITIE/mitielib/build/CMakeFiles/CMakeTmp

Run Build Command:"/usr/bin/make" "cmTC_04233/fast"
/usr/bin/make -f CMakeFiles/cmTC_04233.dir/build.make CMakeFiles/cmTC_04233.dir/build
make[1]: Entering directory '/home/jupiter/programs/MITIE/mitielib/build/CMakeFiles/CMakeTmp'
Building CXX object CMakeFiles/cmTC_04233.dir/testCXXCompiler.cxx.o
/usr/bin/c++      -o CMakeFiles/cmTC_04233.dir/testCXXCompiler.cxx.o -c /home/jupiter/programs/MITIE/mitielib/build/CMakeFiles/CMakeTmp/testCXXCompiler.cxx
Linking CXX executable cmTC_04233
/usr/bin/cmake -E cmake_link_script CMakeFiles/cmTC_04233.dir/link.txt --verbose=1
/usr/bin/c++        CMakeFiles/cmTC_04233.dir/testCXXCompiler.cxx.o  -o cmTC_04233 -rdynamic 
make[1]: Leaving directory '/home/jupiter/programs/MITIE/mitielib/build/CMakeFiles/CMakeTmp'


Detecting CXX compiler ABI info compiled with the following output:
Change Dir: /home/jupiter/programs/MITIE/mitielib/build/CMakeFiles/CMakeTmp

Run Build Command:"/usr/bin/make" "cmTC_41bd9/fast"
/usr/bin/make -f CMakeFiles/cmTC_41bd9.dir/build.make CMakeFiles/cmTC_41bd9.dir/build
make[1]: Entering directory '/home/jupiter/programs/MITIE/mitielib/build/CMakeFiles/CMakeTmp'
Building CXX object CMakeFiles/cmTC_41bd9.dir/CMakeCXXCompilerABI.cpp.o
/usr/bin/c++      -o CMakeFiles/cmTC_41bd9.dir/CMakeCXXCompilerABI.cpp.o -c /usr/share/cmake-3.7/Modules/CMakeCXXCompilerABI.cpp
Linking CXX executable cmTC_41bd9
/usr/bin/cmake -E cmake_link_script CMakeFiles/cmTC_41bd9.dir/link.txt --verbose=1
/usr/bin/c++       -v CMakeFiles/cmTC_41bd9.dir/CMakeCXXCompilerABI.cpp.o  -o cmTC_41bd9 -rdynamic  
Using built-in specs.
COLLECT_GCC=/usr/bin/c++
COLLECT_LTO_WRAPPER=/usr/lib/gcc/x86_64-pc-linux-gnu/6.3.1/lto-wrapper
Target: x86_64-pc-linux-gnu
Configured with: /build/gcc-multilib/src/gcc/configure --prefix=/usr --libdir=/usr/lib --libexecdir=/usr/lib --mandir=/usr/share/man --infodir=/usr/share/info --with-bugurl=https://bugs.archlinux.org/ --enable-languages=c,c++,ada,fortran,go,lto,objc,obj-c++ --enable-shared --enable-threads=posix --enable-libmpx --with-system-zlib --with-isl --enable-__cxa_atexit --disable-libunwind-exceptions --enable-clocale=gnu --disable-libstdcxx-pch --disable-libssp --enable-gnu-unique-object --enable-linker-build-id --enable-lto --enable-plugin --enable-install-libiberty --with-linker-hash-style=gnu --enable-gnu-indirect-function --enable-multilib --disable-werror --enable-checking=release
Thread model: posix
gcc version 6.3.1 20170109 (GCC) 
COMPILER_PATH=/usr/lib/gcc/x86_64-pc-linux-gnu/6.3.1/:/usr/lib/gcc/x86_64-pc-linux-gnu/6.3.1/:/usr/lib/gcc/x86_64-pc-linux-gnu/:/usr/lib/gcc/x86_64-pc-linux-gnu/6.3.1/:/usr/lib/gcc/x86_64-pc-linux-gnu/
LIBRARY_PATH=/usr/lib/gcc/x86_64-pc-linux-gnu/6.3.1/:/usr/lib/gcc/x86_64-pc-linux-gnu/6.3.1/../../../../lib/:/lib/../lib/:/usr/lib/../lib/:/usr/lib/gcc/x86_64-pc-linux-gnu/6.3.1/../../../:/lib/:/usr/lib/
COLLECT_GCC_OPTIONS='-v' '-o' 'cmTC_41bd9' '-rdynamic' '-shared-libgcc' '-mtune=generic' '-march=x86-64'
 /usr/lib/gcc/x86_64-pc-linux-gnu/6.3.1/collect2 -plugin /usr/lib/gcc/x86_64-pc-linux-gnu/6.3.1/liblto_plugin.so -plugin-opt=/usr/lib/gcc/x86_64-pc-linux-gnu/6.3.1/lto-wrapper -plugin-opt=-fresolution=/tmp/ccbaMVvR.res -plugin-opt=-pass-through=-lgcc_s -plugin-opt=-pass-through=-lgcc -plugin-opt=-pass-through=-lc -plugin-opt=-pass-through=-lgcc_s -plugin-opt=-pass-through=-lgcc --build-id --eh-frame-hdr --hash-style=gnu -m elf_x86_64 -export-dynamic -dynamic-linker /lib64/ld-linux-x86-64.so.2 -o cmTC_41bd9 /usr/lib/gcc/x86_64-pc-linux-gnu/6.3.1/../../../../lib/crt1.o /usr/lib/gcc/x86_64-pc-linux-gnu/6.3.1/../../../../lib/crti.o /usr/lib/gcc/x86_64-pc-linux-gnu/6.3.1/crtbegin.o -L/usr/lib/gcc/x86_64-pc-linux-gnu/6.3.1 -L/usr/lib/gcc/x86_64-pc-linux-gnu/6.3.1/../../../../lib -L/lib/../lib -L/usr/lib/../lib -L/usr/lib/gcc/x86_64-pc-linux-gnu/6.3.1/../../.. CMakeFiles/cmTC_41bd9.dir/CMakeCXXCompilerABI.cpp.o -lstdc++ -lm -lgcc_s -lgcc -lc -lgcc_s -lgcc /usr/lib/gcc/x86_64-pc-linux-gnu/6.3.1/crtend.o /usr/lib/gcc/x86_64-pc-linux-gnu/6.3.1/../../../../lib/crtn.o
COLLECT_GCC_OPTIONS='-v' '-o' 'cmTC_41bd9' '-rdynamic' '-shared-libgcc' '-mtune=generic' '-march=x86-64'
make[1]: Leaving directory '/home/jupiter/programs/MITIE/mitielib/build/CMakeFiles/CMakeTmp'


Parsed CXX implicit link information from above output:
  link line regex: [^( *|.*[/\])(ld|([^/\]+-)?ld|collect2)[^/\]*( |$)]
  ignore line: [Change Dir: /home/jupiter/programs/MITIE/mitielib/build/CMakeFiles/CMakeTmp]
  ignore line: []
  ignore line: [Run Build Command:"/usr/bin/make" "cmTC_41bd9/fast"]
  ignore line: [/usr/bin/make -f CMakeFiles/cmTC_41bd9.dir/build.make CMakeFiles/cmTC_41bd9.dir/build]
  ignore line: [make[1]: Entering directory '/home/jupiter/programs/MITIE/mitielib/build/CMakeFiles/CMakeTmp']
  ignore line: [Building CXX object CMakeFiles/cmTC_41bd9.dir/CMakeCXXCompilerABI.cpp.o]
  ignore line: [/usr/bin/c++      -o CMakeFiles/cmTC_41bd9.dir/CMakeCXXCompilerABI.cpp.o -c /usr/share/cmake-3.7/Modules/CMakeCXXCompilerABI.cpp]
  ignore line: [Linking CXX executable cmTC_41bd9]
  ignore line: [/usr/bin/cmake -E cmake_link_script CMakeFiles/cmTC_41bd9.dir/link.txt --verbose=1]
  ignore line: [/usr/bin/c++       -v CMakeFiles/cmTC_41bd9.dir/CMakeCXXCompilerABI.cpp.o  -o cmTC_41bd9 -rdynamic  ]
  ignore line: [Using built-in specs.]
  ignore line: [COLLECT_GCC=/usr/bin/c++]
  ignore line: [COLLECT_LTO_WRAPPER=/usr/lib/gcc/x86_64-pc-linux-gnu/6.3.1/lto-wrapper]
  ignore line: [Target: x86_64-pc-linux-gnu]
  ignore line: [Configured with: /build/gcc-multilib/src/gcc/configure --prefix=/usr --libdir=/usr/lib --libexecdir=/usr/lib --mandir=/usr/share/man --infodir=/usr/share/info --with-bugurl=https://bugs.archlinux.org/ --enable-languages=c,c++,ada,fortran,go,lto,objc,obj-c++ --enable-shared --enable-threads=posix --enable-libmpx --with-system-zlib --with-isl --enable-__cxa_atexit --disable-libunwind-exceptions --enable-clocale=gnu --disable-libstdcxx-pch --disable-libssp --enable-gnu-unique-object --enable-linker-build-id --enable-lto --enable-plugin --enable-install-libiberty --with-linker-hash-style=gnu --enable-gnu-indirect-function --enable-multilib --disable-werror --enable-checking=release]
  ignore line: [Thread model: posix]
  ignore line: [gcc version 6.3.1 20170109 (GCC) ]
  ignore line: [COMPILER_PATH=/usr/lib/gcc/x86_64-pc-linux-gnu/6.3.1/:/usr/lib/gcc/x86_64-pc-linux-gnu/6.3.1/:/usr/lib/gcc/x86_64-pc-linux-gnu/:/usr/lib/gcc/x86_64-pc-linux-gnu/6.3.1/:/usr/lib/gcc/x86_64-pc-linux-gnu/]
  ignore line: [LIBRARY_PATH=/usr/lib/gcc/x86_64-pc-linux-gnu/6.3.1/:/usr/lib/gcc/x86_64-pc-linux-gnu/6.3.1/../../../../lib/:/lib/../lib/:/usr/lib/../lib/:/usr/lib/gcc/x86_64-pc-linux-gnu/6.3.1/../../../:/lib/:/usr/lib/]
  ignore line: [COLLECT_GCC_OPTIONS='-v' '-o' 'cmTC_41bd9' '-rdynamic' '-shared-libgcc' '-mtune=generic' '-march=x86-64']
  link line: [ /usr/lib/gcc/x86_64-pc-linux-gnu/6.3.1/collect2 -plugin /usr/lib/gcc/x86_64-pc-linux-gnu/6.3.1/liblto_plugin.so -plugin-opt=/usr/lib/gcc/x86_64-pc-linux-gnu/6.3.1/lto-wrapper -plugin-opt=-fresolution=/tmp/ccbaMVvR.res -plugin-opt=-pass-through=-lgcc_s -plugin-opt=-pass-through=-lgcc -plugin-opt=-pass-through=-lc -plugin-opt=-pass-through=-lgcc_s -plugin-opt=-pass-through=-lgcc --build-id --eh-frame-hdr --hash-style=gnu -m elf_x86_64 -export-dynamic -dynamic-linker /lib64/ld-linux-x86-64.so.2 -o cmTC_41bd9 /usr/lib/gcc/x86_64-pc-linux-gnu/6.3.1/../../../../lib/crt1.o /usr/lib/gcc/x86_64-pc-linux-gnu/6.3.1/../../../../lib/crti.o /usr/lib/gcc/x86_64-pc-linux-gnu/6.3.1/crtbegin.o -L/usr/lib/gcc/x86_64-pc-linux-gnu/6.3.1 -L/usr/lib/gcc/x86_64-pc-linux-gnu/6.3.1/../../../../lib -L/lib/../lib -L/usr/lib/../lib -L/usr/lib/gcc/x86_64-pc-linux-gnu/6.3.1/../../.. CMakeFiles/cmTC_41bd9.dir/CMakeCXXCompilerABI.cpp.o -lstdc++ -lm -lgcc_s -lgcc -lc -lgcc_s -lgcc /usr/lib/gcc/x86_64-pc-linux-gnu/6.3.1/crtend.o /usr/lib/gcc/x86_64-pc-linux-gnu/6.3.1/../../../../lib/crtn.o]
    arg [/usr/lib/gcc/x86_64-pc-linux-gnu/6.3.1/collect2] ==> ignore
    arg [-plugin] ==> ignore
    arg [/usr/lib/gcc/x86_64-pc-linux-gnu/6.3.1/liblto_plugin.so] ==> ignore
    arg [-plugin-opt=/usr/lib/gcc/x86_64-pc-linux-gnu/6.3.1/lto-wrapper] ==> ignore
    arg [-plugin-opt=-fresolution=/tmp/ccbaMVvR.res] ==> ignore
    arg [-plugin-opt=-pass-through=-lgcc_s] ==> ignore
    arg [-plugin-opt=-pass-through=-lgcc] ==> ignore
    arg [-plugin-opt=-pass-through=-lc] ==> ignore
    arg [-plugin-opt=-pass-through=-lgcc_s] ==> ignore
    arg [-plugin-opt=-pass-through=-lgcc] ==> ignore
    arg [--build-id] ==> ignore
    arg [--eh-frame-hdr] ==> ignore
    arg [--hash-style=gnu] ==> ignore
    arg [-m] ==> ignore
    arg [elf_x86_64] ==> ignore
    arg [-export-dynamic] ==> ignore
    arg [-dynamic-linker] ==> ignore
    arg [/lib64/ld-linux-x86-64.so.2] ==> ignore
    arg [-o] ==> ignore
    arg [cmTC_41bd9] ==> ignore
    arg [/usr/lib/gcc/x86_64-pc-linux-gnu/6.3.1/../../../../lib/crt1.o] ==> ignore
    arg [/usr/lib/gcc/x86_64-pc-linux-gnu/6.3.1/../../../../lib/crti.o] ==> ignore
    arg [/usr/lib/gcc/x86_64-pc-linux-gnu/6.3.1/crtbegin.o] ==> ignore
    arg [-L/usr/lib/gcc/x86_64-pc-linux-gnu/6.3.1] ==> dir [/usr/lib/gcc/x86_64-pc-linux-gnu/6.3.1]
    arg [-L/usr/lib/gcc/x86_64-pc-linux-gnu/6.3.1/../../../../lib] ==> dir [/usr/lib/gcc/x86_64-pc-linux-gnu/6.3.1/../../../../lib]
    arg [-L/lib/../lib] ==> dir [/lib/../lib]
    arg [-L/usr/lib/../lib] ==> dir [/usr/lib/../lib]
    arg [-L/usr/lib/gcc/x86_64-pc-linux-gnu/6.3.1/../../..] ==> dir [/usr/lib/gcc/x86_64-pc-linux-gnu/6.3.1/../../..]
    arg [CMakeFiles/cmTC_41bd9.dir/CMakeCXXCompilerABI.cpp.o] ==> ignore
    arg [-lstdc++] ==> lib [stdc++]
    arg [-lm] ==> lib [m]
    arg [-lgcc_s] ==> lib [gcc_s]
    arg [-lgcc] ==> lib [gcc]
    arg [-lc] ==> lib [c]
    arg [-lgcc_s] ==> lib [gcc_s]
    arg [-lgcc] ==> lib [gcc]
    arg [/usr/lib/gcc/x86_64-pc-linux-gnu/6.3.1/crtend.o] ==> ignore
    arg [/usr/lib/gcc/x86_64-pc-linux-gnu/6.3.1/../../../../lib/crtn.o] ==> ignore
  remove lib [gcc_s]
  remove lib [gcc]
  remove lib [gcc_s]
  remove lib [gcc]
  collapse library dir [/usr/lib/gcc/x86_64-pc-linux-gnu/6.3.1] ==> [/usr/lib/gcc/x86_64-pc-linux-gnu/6.3.1]
  collapse library dir [/usr/lib/gcc/x86_64-pc-linux-gnu/6.3.1/../../../../lib] ==> [/usr/lib]
  collapse library dir [/lib/../lib] ==> [/lib]
  collapse library dir [/usr/lib/../lib] ==> [/usr/lib]
  collapse library dir [/usr/lib/gcc/x86_64-pc-linux-gnu/6.3.1/../../..] ==> [/usr/lib]
  implicit libs: [stdc++;m;c]
  implicit dirs: [/usr/lib/gcc/x86_64-pc-linux-gnu/6.3.1;/usr/lib;/lib]
  implicit fwks: []




Detecting CXX [-std=c++14] compiler features compiled with the following output:
Change Dir: /home/jupiter/programs/MITIE/mitielib/build/CMakeFiles/CMakeTmp

Run Build Command:"/usr/bin/make" "cmTC_7a57b/fast"
/usr/bin/make -f CMakeFiles/cmTC_7a57b.dir/build.make CMakeFiles/cmTC_7a57b.dir/build
make[1]: Entering directory '/home/jupiter/programs/MITIE/mitielib/build/CMakeFiles/CMakeTmp'
Building CXX object CMakeFiles/cmTC_7a57b.dir/feature_tests.cxx.o
/usr/bin/c++     -std=c++14 -o CMakeFiles/cmTC_7a57b.dir/feature_tests.cxx.o -c /home/jupiter/programs/MITIE/mitielib/build/CMakeFiles/feature_tests.cxx
Linking CXX executable cmTC_7a57b
/usr/bin/cmake -E cmake_link_script CMakeFiles/cmTC_7a57b.dir/link.txt --verbose=1
/usr/bin/c++        CMakeFiles/cmTC_7a57b.dir/feature_tests.cxx.o  -o cmTC_7a57b -rdynamic 
make[1]: Leaving directory '/home/jupiter/programs/MITIE/mitielib/build/CMakeFiles/CMakeTmp'


    Feature record: CXX_FEATURE:1cxx_aggregate_default_initializers
    Feature record: CXX_FEATURE:1cxx_alias_templates
    Feature record: CXX_FEATURE:1cxx_alignas
    Feature record: CXX_FEATURE:1cxx_alignof
    Feature record: CXX_FEATURE:1cxx_attributes
    Feature record: CXX_FEATURE:1cxx_attribute_deprecated
    Feature record: CXX_FEATURE:1cxx_auto_type
    Feature record: CXX_FEATURE:1cxx_binary_literals
    Feature record: CXX_FEATURE:1cxx_constexpr
    Feature record: CXX_FEATURE:1cxx_contextual_conversions
    Feature record: CXX_FEATURE:1cxx_decltype
    Feature record: CXX_FEATURE:1cxx_decltype_auto
    Feature record: CXX_FEATURE:1cxx_decltype_incomplete_return_types
    Feature record: CXX_FEATURE:1cxx_default_function_template_args
    Feature record: CXX_FEATURE:1cxx_defaulted_functions
    Feature record: CXX_FEATURE:1cxx_defaulted_move_initializers
    Feature record: CXX_FEATURE:1cxx_delegating_constructors
    Feature record: CXX_FEATURE:1cxx_deleted_functions
    Feature record: CXX_FEATURE:1cxx_digit_separators
    Feature record: CXX_FEATURE:1cxx_enum_forward_declarations
    Feature record: CXX_FEATURE:1cxx_explicit_conversions
    Feature record: CXX_FEATURE:1cxx_extended_friend_declarations
    Feature record: CXX_FEATURE:1cxx_extern_templates
    Feature record: CXX_FEATURE:1cxx_final
    Feature record: CXX_FEATURE:1cxx_func_identifier
    Feature record: CXX_FEATURE:1cxx_generalized_initializers
    Feature record: CXX_FEATURE:1cxx_generic_lambdas
    Feature record: CXX_FEATURE:1cxx_inheriting_constructors
    Feature record: CXX_FEATURE:1cxx_inline_namespaces
    Feature record: CXX_FEATURE:1cxx_lambdas
    Feature record: CXX_FEATURE:1cxx_lambda_init_captures
    Feature record: CXX_FEATURE:1cxx_local_type_template_args
    Feature record: CXX_FEATURE:1cxx_long_long_type
    Feature record: CXX_FEATURE:1cxx_noexcept
    Feature record: CXX_FEATURE:1cxx_nonstatic_member_init
    Feature record: CXX_FEATURE:1cxx_nullptr
    Feature record: CXX_FEATURE:1cxx_override
    Feature record: CXX_FEATURE:1cxx_range_for
    Feature record: CXX_FEATURE:1cxx_raw_string_literals
    Feature record: CXX_FEATURE:1cxx_reference_qualified_functions
    Feature record: CXX_FEATURE:1cxx_relaxed_constexpr
    Feature record: CXX_FEATURE:1cxx_return_type_deduction
    Feature record: CXX_FEATURE:1cxx_right_angle_brackets
    Feature record: CXX_FEATURE:1cxx_rvalue_references
    Feature record: CXX_FEATURE:1cxx_sizeof_member
    Feature record: CXX_FEATURE:1cxx_static_assert
    Feature record: CXX_FEATURE:1cxx_strong_enums
    Feature record: CXX_FEATURE:1cxx_template_template_parameters
    Feature record: CXX_FEATURE:1cxx_thread_local
    Feature record: CXX_FEATURE:1cxx_trailing_return_types
    Feature record: CXX_FEATURE:1cxx_unicode_literals
    Feature record: CXX_FEATURE:1cxx_uniform_initialization
    Feature record: CXX_FEATURE:1cxx_unrestricted_unions
    Feature record: CXX_FEATURE:1cxx_user_literals
    Feature record: CXX_FEATURE:1cxx_variable_templates
    Feature record: CXX_FEATURE:1cxx_variadic_macros
    Feature record: CXX_FEATURE:1cxx_variadic_templates


Detecting CXX [-std=c++11] compiler features compiled with the following output:
Change Dir: /home/jupiter/programs/MITIE/mitielib/build/CMakeFiles/CMakeTmp

Run Build Command:"/usr/bin/make" "cmTC_37415/fast"
/usr/bin/make -f CMakeFiles/cmTC_37415.dir/build.make CMakeFiles/cmTC_37415.dir/build
make[1]: Entering directory '/home/jupiter/programs/MITIE/mitielib/build/CMakeFiles/CMakeTmp'
Building CXX object CMakeFiles/cmTC_37415.dir/feature_tests.cxx.o
/usr/bin/c++     -std=c++11 -o CMakeFiles/cmTC_37415.dir/feature_tests.cxx.o -c /home/jupiter/programs/MITIE/mitielib/build/CMakeFiles/feature_tests.cxx
Linking CXX executable cmTC_37415
/usr/bin/cmake -E cmake_link_script CMakeFiles/cmTC_37415.dir/link.txt --verbose=1
/usr/bin/c++        CMakeFiles/cmTC_37415.dir/feature_tests.cxx.o  -o cmTC_37415 -rdynamic 
make[1]: Leaving directory '/home/jupiter/programs/MITIE/mitielib/build/CMakeFiles/CMakeTmp'


    Feature record: CXX_FEATURE:0cxx_aggregate_default_initializers
    Feature record: CXX_FEATURE:1cxx_alias_templates
    Feature record: CXX_FEATURE:1cxx_alignas
    Feature record: CXX_FEATURE:1cxx_alignof
    Feature record: CXX_FEATURE:1cxx_attributes
    Feature record: CXX_FEATURE:0cxx_attribute_deprecated
    Feature record: CXX_FEATURE:1cxx_auto_type
    Feature record: CXX_FEATURE:0cxx_binary_literals
    Feature record: CXX_FEATURE:1cxx_constexpr
    Feature record: CXX_FEATURE:0cxx_contextual_conversions
    Feature record: CXX_FEATURE:1cxx_decltype
    Feature record: CXX_FEATURE:0cxx_decltype_auto
    Feature record: CXX_FEATURE:1cxx_decltype_incomplete_return_types
    Feature record: CXX_FEATURE:1cxx_default_function_template_args
    Feature record: CXX_FEATURE:1cxx_defaulted_functions
    Feature record: CXX_FEATURE:1cxx_defaulted_move_initializers
    Feature record: CXX_FEATURE:1cxx_delegating_constructors
    Feature record: CXX_FEATURE:1cxx_deleted_functions
    Feature record: CXX_FEATURE:0cxx_digit_separators
    Feature record: CXX_FEATURE:1cxx_enum_forward_declarations
    Feature record: CXX_FEATURE:1cxx_explicit_conversions
    Feature record: CXX_FEATURE:1cxx_extended_friend_declarations
    Feature record: CXX_FEATURE:1cxx_extern_templates
    Feature record: CXX_FEATURE:1cxx_final
    Feature record: CXX_FEATURE:1cxx_func_identifier
    Feature record: CXX_FEATURE:1cxx_generalized_initializers
    Feature record: CXX_FEATURE:0cxx_generic_lambdas
    Feature record: CXX_FEATURE:1cxx_inheriting_constructors
    Feature record: CXX_FEATURE:1cxx_inline_namespaces
    Feature record: CXX_FEATURE:1cxx_lambdas
    Feature record: CXX_FEATURE:0cxx_lambda_init_captures
    Feature record: CXX_FEATURE:1cxx_local_type_template_args
    Feature record: CXX_FEATURE:1cxx_long_long_type
    Feature record: CXX_FEATURE:1cxx_noexcept
    Feature record: CXX_FEATURE:1cxx_nonstatic_member_init
    Feature record: CXX_FEATURE:1cxx_nullptr
    Feature record: CXX_FEATURE:1cxx_override
    Feature record: CXX_FEATURE:1cxx_range_for
    Feature record: CXX_FEATURE:1cxx_raw_string_literals
    Feature record: CXX_FEATURE:1cxx_reference_qualified_functions
    Feature record: CXX_FEATURE:0cxx_relaxed_constexpr
    Feature record: CXX_FEATURE:0cxx_return_type_deduction
    Feature record: CXX_FEATURE:1cxx_right_angle_brackets
    Feature record: CXX_FEATURE:1cxx_rvalue_references
    Feature record: CXX_FEATURE:1cxx_sizeof_member
    Feature record: CXX_FEATURE:1cxx_static_assert
    Feature record: CXX_FEATURE:1cxx_strong_enums
    Feature record: CXX_FEATURE:1cxx_template_template_parameters
    Feature record: CXX_FEATURE:1cxx_thread_local
    Feature record: CXX_FEATURE:1cxx_trailing_return_types
    Feature record: CXX_FEATURE:1cxx_unicode_literals
    Feature record: CXX_FEATURE:1cxx_uniform_initialization
    Feature record: CXX_FEATURE:1cxx_unrestricted_unions
    Feature record: CXX_FEATURE:1cxx_user_literals
    Feature record: CXX_FEATURE:0cxx_variable_templates
    Feature record: CXX_FEATURE:1cxx_variadic_macros
    Feature record: CXX_FEATURE:1cxx_variadic_templates


Detecting CXX [-std=c++98] compiler features compiled with the following output:
Change Dir: /home/jupiter/programs/MITIE/mitielib/build/CMakeFiles/CMakeTmp

Run Build Command:"/usr/bin/make" "cmTC_86821/fast"
/usr/bin/make -f CMakeFiles/cmTC_86821.dir/build.make CMakeFiles/cmTC_86821.dir/build
make[1]: Entering directory '/home/jupiter/programs/MITIE/mitielib/build/CMakeFiles/CMakeTmp'
Building CXX object CMakeFiles/cmTC_86821.dir/feature_tests.cxx.o
/usr/bin/c++     -std=c++98 -o CMakeFiles/cmTC_86821.dir/feature_tests.cxx.o -c /home/jupiter/programs/MITIE/mitielib/build/CMakeFiles/feature_tests.cxx
Linking CXX executable cmTC_86821
/usr/bin/cmake -E cmake_link_script CMakeFiles/cmTC_86821.dir/link.txt --verbose=1
/usr/bin/c++        CMakeFiles/cmTC_86821.dir/feature_tests.cxx.o  -o cmTC_86821 -rdynamic 
make[1]: Leaving directory '/home/jupiter/programs/MITIE/mitielib/build/CMakeFiles/CMakeTmp'


    Feature record: CXX_FEATURE:0cxx_aggregate_default_initializers
    Feature record: CXX_FEATURE:0cxx_alias_templates
    Feature record: CXX_FEATURE:0cxx_alignas
    Feature record: CXX_FEATURE:0cxx_alignof
    Feature record: CXX_FEATURE:0cxx_attributes
    Feature record: CXX_FEATURE:0cxx_attribute_deprecated
    Feature record: CXX_FEATURE:0cxx_auto_type
    Feature record: CXX_FEATURE:0cxx_binary_literals
    Feature record: CXX_FEATURE:0cxx_constexpr
    Feature record: CXX_FEATURE:0cxx_contextual_conversions
    Feature record: CXX_FEATURE:0cxx_decltype
    Feature record: CXX_FEATURE:0cxx_decltype_auto
    Feature record: CXX_FEATURE:0cxx_decltype_incomplete_return_types
    Feature record: CXX_FEATURE:0cxx_default_function_template_args
    Feature record: CXX_FEATURE:0cxx_defaulted_functions
    Feature record: CXX_FEATURE:0cxx_defaulted_move_initializers
    Feature record: CXX_FEATURE:0cxx_delegating_constructors
    Feature record: CXX_FEATURE:0cxx_deleted_functions
    Feature record: CXX_FEATURE:0cxx_digit_separators
    Feature record: CXX_FEATURE:0cxx_enum_forward_declarations
    Feature record: CXX_FEATURE:0cxx_explicit_conversions
    Feature record: CXX_FEATURE:0cxx_extended_friend_declarations
    Feature record: CXX_FEATURE:0cxx_extern_templates
    Feature record: CXX_FEATURE:0cxx_final
    Feature record: CXX_FEATURE:0cxx_func_identifier
    Feature record: CXX_FEATURE:0cxx_generalized_initializers
    Feature record: CXX_FEATURE:0cxx_generic_lambdas
    Feature record: CXX_FEATURE:0cxx_inheriting_constructors
    Feature record: CXX_FEATURE:0cxx_inline_namespaces
    Feature record: CXX_FEATURE:0cxx_lambdas
    Feature record: CXX_FEATURE:0cxx_lambda_init_captures
    Feature record: CXX_FEATURE:0cxx_local_type_template_args
    Feature record: CXX_FEATURE:0cxx_long_long_type
    Feature record: CXX_FEATURE:0cxx_noexcept
    Feature record: CXX_FEATURE:0cxx_nonstatic_member_init
    Feature record: CXX_FEATURE:0cxx_nullptr
    Feature record: CXX_FEATURE:0cxx_override
    Feature record: CXX_FEATURE:0cxx_range_for
    Feature record: CXX_FEATURE:0cxx_raw_string_literals
    Feature record: CXX_FEATURE:0cxx_reference_qualified_functions
    Feature record: CXX_FEATURE:0cxx_relaxed_constexpr
    Feature record: CXX_FEATURE:0cxx_return_type_deduction
    Feature record: CXX_FEATURE:0cxx_right_angle_brackets
    Feature record: CXX_FEATURE:0cxx_rvalue_references
    Feature record: CXX_FEATURE:0cxx_sizeof_member
    Feature record: CXX_FEATURE:0cxx_static_assert
    Feature record: CXX_FEATURE:0cxx_strong_enums
    Feature record: CXX_FEATURE:1cxx_template_template_parameters
    Feature record: CXX_FEATURE:0cxx_thread_local
    Feature record: CXX_FEATURE:0cxx_trailing_return_types
    Feature record: CXX_FEATURE:0cxx_unicode_literals
    Feature record: CXX_FEATURE:0cxx_uniform_initialization
    Feature record: CXX_FEATURE:0cxx_unrestricted_unions
    Feature record: CXX_FEATURE:0cxx_user_literals
    Feature record: CXX_FEATURE:0cxx_variable_templates
    Feature record: CXX_FEATURE:0cxx_variadic_macros
    Feature record: CXX_FEATURE:0cxx_variadic_templates
Determining if the function XOpenDisplay exists in the /usr/lib64/libX11.so;/usr/lib64/libXext.so passed with the following output:
Change Dir: /home/jupiter/programs/MITIE/mitielib/build/CMakeFiles/CMakeTmp

Run Build Command:"/usr/bin/make" "cmTC_decaf/fast"
/usr/bin/make -f CMakeFiles/cmTC_decaf.dir/build.make CMakeFiles/cmTC_decaf.dir/build
make[1]: Entering directory '/home/jupiter/programs/MITIE/mitielib/build/CMakeFiles/CMakeTmp'
Building C object CMakeFiles/cmTC_decaf.dir/CheckFunctionExists.c.o
/usr/bin/cc    -DCHECK_FUNCTION_EXISTS=XOpenDisplay -fPIE   -o CMakeFiles/cmTC_decaf.dir/CheckFunctionExists.c.o   -c /usr/share/cmake-3.7/Modules/CheckFunctionExists.c
Linking C executable cmTC_decaf
/usr/bin/cmake -E cmake_link_script CMakeFiles/cmTC_decaf.dir/link.txt --verbose=1
/usr/bin/cc   -DCHECK_FUNCTION_EXISTS=XOpenDisplay    CMakeFiles/cmTC_decaf.dir/CheckFunctionExists.c.o  -o cmTC_decaf -rdynamic /usr/lib64/libX11.so /usr/lib64/libXext.so 
make[1]: Leaving directory '/home/jupiter/programs/MITIE/mitielib/build/CMakeFiles/CMakeTmp'


Determining if the function gethostbyname exists passed with the following output:
Change Dir: /home/jupiter/programs/MITIE/mitielib/build/CMakeFiles/CMakeTmp

Run Build Command:"/usr/bin/make" "cmTC_76f09/fast"
/usr/bin/make -f CMakeFiles/cmTC_76f09.dir/build.make CMakeFiles/cmTC_76f09.dir/build
make[1]: Entering directory '/home/jupiter/programs/MITIE/mitielib/build/CMakeFiles/CMakeTmp'
Building C object CMakeFiles/cmTC_76f09.dir/CheckFunctionExists.c.o
/usr/bin/cc    -DCHECK_FUNCTION_EXISTS=gethostbyname -fPIE   -o CMakeFiles/cmTC_76f09.dir/CheckFunctionExists.c.o   -c /usr/share/cmake-3.7/Modules/CheckFunctionExists.c
Linking C executable cmTC_76f09
/usr/bin/cmake -E cmake_link_script CMakeFiles/cmTC_76f09.dir/link.txt --verbose=1
/usr/bin/cc   -DCHECK_FUNCTION_EXISTS=gethostbyname    CMakeFiles/cmTC_76f09.dir/CheckFunctionExists.c.o  -o cmTC_76f09 -rdynamic 
make[1]: Leaving directory '/home/jupiter/programs/MITIE/mitielib/build/CMakeFiles/CMakeTmp'


Determining if the function connect exists passed with the following output:
Change Dir: /home/jupiter/programs/MITIE/mitielib/build/CMakeFiles/CMakeTmp

Run Build Command:"/usr/bin/make" "cmTC_3de94/fast"
/usr/bin/make -f CMakeFiles/cmTC_3de94.dir/build.make CMakeFiles/cmTC_3de94.dir/build
make[1]: Entering directory '/home/jupiter/programs/MITIE/mitielib/build/CMakeFiles/CMakeTmp'
Building C object CMakeFiles/cmTC_3de94.dir/CheckFunctionExists.c.o
/usr/bin/cc    -DCHECK_FUNCTION_EXISTS=connect -fPIE   -o CMakeFiles/cmTC_3de94.dir/CheckFunctionExists.c.o   -c /usr/share/cmake-3.7/Modules/CheckFunctionExists.c
Linking C executable cmTC_3de94
/usr/bin/cmake -E cmake_link_script CMakeFiles/cmTC_3de94.dir/link.txt --verbose=1
/usr/bin/cc   -DCHECK_FUNCTION_EXISTS=connect    CMakeFiles/cmTC_3de94.dir/CheckFunctionExists.c.o  -o cmTC_3de94 -rdynamic 
make[1]: Leaving directory '/home/jupiter/programs/MITIE/mitielib/build/CMakeFiles/CMakeTmp'


Determining if the function remove exists passed with the following output:
Change Dir: /home/jupiter/programs/MITIE/mitielib/build/CMakeFiles/CMakeTmp

Run Build Command:"/usr/bin/make" "cmTC_8faed/fast"
/usr/bin/make -f CMakeFiles/cmTC_8faed.dir/build.make CMakeFiles/cmTC_8faed.dir/build
make[1]: Entering directory '/home/jupiter/programs/MITIE/mitielib/build/CMakeFiles/CMakeTmp'
Building C object CMakeFiles/cmTC_8faed.dir/CheckFunctionExists.c.o
/usr/bin/cc    -DCHECK_FUNCTION_EXISTS=remove -fPIE   -o CMakeFiles/cmTC_8faed.dir/CheckFunctionExists.c.o   -c /usr/share/cmake-3.7/Modules/CheckFunctionExists.c
Linking C executable cmTC_8faed
/usr/bin/cmake -E cmake_link_script CMakeFiles/cmTC_8faed.dir/link.txt --verbose=1
/usr/bin/cc   -DCHECK_FUNCTION_EXISTS=remove    CMakeFiles/cmTC_8faed.dir/CheckFunctionExists.c.o  -o cmTC_8faed -rdynamic 
make[1]: Leaving directory '/home/jupiter/programs/MITIE/mitielib/build/CMakeFiles/CMakeTmp'


Determining if the function shmat exists passed with the following output:
Change Dir: /home/jupiter/programs/MITIE/mitielib/build/CMakeFiles/CMakeTmp

Run Build Command:"/usr/bin/make" "cmTC_33421/fast"
/usr/bin/make -f CMakeFiles/cmTC_33421.dir/build.make CMakeFiles/cmTC_33421.dir/build
make[1]: Entering directory '/home/jupiter/programs/MITIE/mitielib/build/CMakeFiles/CMakeTmp'
Building C object CMakeFiles/cmTC_33421.dir/CheckFunctionExists.c.o
/usr/bin/cc    -DCHECK_FUNCTION_EXISTS=shmat -fPIE   -o CMakeFiles/cmTC_33421.dir/CheckFunctionExists.c.o   -c /usr/share/cmake-3.7/Modules/CheckFunctionExists.c
Linking C executable cmTC_33421
/usr/bin/cmake -E cmake_link_script CMakeFiles/cmTC_33421.dir/link.txt --verbose=1
/usr/bin/cc   -DCHECK_FUNCTION_EXISTS=shmat    CMakeFiles/cmTC_33421.dir/CheckFunctionExists.c.o  -o cmTC_33421 -rdynamic 
make[1]: Leaving directory '/home/jupiter/programs/MITIE/mitielib/build/CMakeFiles/CMakeTmp'


Determining if the function IceConnectionNumber exists in the ICE passed with the following output:
Change Dir: /home/jupiter/programs/MITIE/mitielib/build/CMakeFiles/CMakeTmp

Run Build Command:"/usr/bin/make" "cmTC_9a7d8/fast"
/usr/bin/make -f CMakeFiles/cmTC_9a7d8.dir/build.make CMakeFiles/cmTC_9a7d8.dir/build
make[1]: Entering directory '/home/jupiter/programs/MITIE/mitielib/build/CMakeFiles/CMakeTmp'
Building C object CMakeFiles/cmTC_9a7d8.dir/CheckFunctionExists.c.o
/usr/bin/cc    -DCHECK_FUNCTION_EXISTS=IceConnectionNumber -fPIE   -o CMakeFiles/cmTC_9a7d8.dir/CheckFunctionExists.c.o   -c /usr/share/cmake-3.7/Modules/CheckFunctionExists.c
Linking C executable cmTC_9a7d8
/usr/bin/cmake -E cmake_link_script CMakeFiles/cmTC_9a7d8.dir/link.txt --verbose=1
/usr/bin/cc   -DCHECK_FUNCTION_EXISTS=IceConnectionNumber    CMakeFiles/cmTC_9a7d8.dir/CheckFunctionExists.c.o  -o cmTC_9a7d8 -rdynamic -lICE 
make[1]: Leaving directory '/home/jupiter/programs/MITIE/mitielib/build/CMakeFiles/CMakeTmp'


Determining if the function png_create_read_struct exists passed with the following output:
Change Dir: /home/jupiter/programs/MITIE/mitielib/build/CMakeFiles/CMakeTmp

Run Build Command:"/usr/bin/make" "cmTC_6e634/fast"
/usr/bin/make -f CMakeFiles/cmTC_6e634.dir/build.make CMakeFiles/cmTC_6e634.dir/build
make[1]: Entering directory '/home/jupiter/programs/MITIE/mitielib/build/CMakeFiles/CMakeTmp'
Building C object CMakeFiles/cmTC_6e634.dir/CheckFunctionExists.c.o
/usr/bin/cc    -DCHECK_FUNCTION_EXISTS=png_create_read_struct -fPIE   -o CMakeFiles/cmTC_6e634.dir/CheckFunctionExists.c.o   -c /usr/share/cmake-3.7/Modules/CheckFunctionExists.c
Linking C executable cmTC_6e634
/usr/bin/cmake -E cmake_link_script CMakeFiles/cmTC_6e634.dir/link.txt --verbose=1
/usr/bin/cc   -DCHECK_FUNCTION_EXISTS=png_create_read_struct    CMakeFiles/cmTC_6e634.dir/CheckFunctionExists.c.o  -o cmTC_6e634 -rdynamic /usr/lib64/libpng.so 
make[1]: Leaving directory '/home/jupiter/programs/MITIE/mitielib/build/CMakeFiles/CMakeTmp'


Determining if the function jpeg_read_header exists passed with the following output:
Change Dir: /home/jupiter/programs/MITIE/mitielib/build/CMakeFiles/CMakeTmp

Run Build Command:"/usr/bin/make" "cmTC_0ccf0/fast"
/usr/bin/make -f CMakeFiles/cmTC_0ccf0.dir/build.make CMakeFiles/cmTC_0ccf0.dir/build
make[1]: Entering directory '/home/jupiter/programs/MITIE/mitielib/build/CMakeFiles/CMakeTmp'
Building C object CMakeFiles/cmTC_0ccf0.dir/CheckFunctionExists.c.o
/usr/bin/cc    -DCHECK_FUNCTION_EXISTS=jpeg_read_header -fPIE   -o CMakeFiles/cmTC_0ccf0.dir/CheckFunctionExists.c.o   -c /usr/share/cmake-3.7/Modules/CheckFunctionExists.c
Linking C executable cmTC_0ccf0
/usr/bin/cmake -E cmake_link_script CMakeFiles/cmTC_0ccf0.dir/link.txt --verbose=1
/usr/bin/cc   -DCHECK_FUNCTION_EXISTS=jpeg_read_header    CMakeFiles/cmTC_0ccf0.dir/CheckFunctionExists.c.o  -o cmTC_0ccf0 -rdynamic /usr/lib64/libjpeg.so 
make[1]: Leaving directory '/home/jupiter/programs/MITIE/mitielib/build/CMakeFiles/CMakeTmp'


Determining if the include file sys/types.h exists passed with the following output:
Change Dir: /home/jupiter/programs/MITIE/mitielib/build/CMakeFiles/CMakeTmp

Run Build Command:"/usr/bin/make" "cmTC_dc8a4/fast"
/usr/bin/make -f CMakeFiles/cmTC_dc8a4.dir/build.make CMakeFiles/cmTC_dc8a4.dir/build
make[1]: Entering directory '/home/jupiter/programs/MITIE/mitielib/build/CMakeFiles/CMakeTmp'
Building C object CMakeFiles/cmTC_dc8a4.dir/CheckIncludeFile.c.o
/usr/bin/cc    -fPIE   -o CMakeFiles/cmTC_dc8a4.dir/CheckIncludeFile.c.o   -c /home/jupiter/programs/MITIE/mitielib/build/CMakeFiles/CMakeTmp/CheckIncludeFile.c
Linking C executable cmTC_dc8a4
/usr/bin/cmake -E cmake_link_script CMakeFiles/cmTC_dc8a4.dir/link.txt --verbose=1
/usr/bin/cc       CMakeFiles/cmTC_dc8a4.dir/CheckIncludeFile.c.o  -o cmTC_dc8a4 -rdynamic 
make[1]: Leaving directory '/home/jupiter/programs/MITIE/mitielib/build/CMakeFiles/CMakeTmp'


Determining if the include file stdint.h exists passed with the following output:
Change Dir: /home/jupiter/programs/MITIE/mitielib/build/CMakeFiles/CMakeTmp

Run Build Command:"/usr/bin/make" "cmTC_46fa7/fast"
/usr/bin/make -f CMakeFiles/cmTC_46fa7.dir/build.make CMakeFiles/cmTC_46fa7.dir/build
make[1]: Entering directory '/home/jupiter/programs/MITIE/mitielib/build/CMakeFiles/CMakeTmp'
Building C object CMakeFiles/cmTC_46fa7.dir/CheckIncludeFile.c.o
/usr/bin/cc    -fPIE   -o CMakeFiles/cmTC_46fa7.dir/CheckIncludeFile.c.o   -c /home/jupiter/programs/MITIE/mitielib/build/CMakeFiles/CMakeTmp/CheckIncludeFile.c
Linking C executable cmTC_46fa7
/usr/bin/cmake -E cmake_link_script CMakeFiles/cmTC_46fa7.dir/link.txt --verbose=1
/usr/bin/cc       CMakeFiles/cmTC_46fa7.dir/CheckIncludeFile.c.o  -o cmTC_46fa7 -rdynamic 
make[1]: Leaving directory '/home/jupiter/programs/MITIE/mitielib/build/CMakeFiles/CMakeTmp'


Determining if the include file stddef.h exists passed with the following output:
Change Dir: /home/jupiter/programs/MITIE/mitielib/build/CMakeFiles/CMakeTmp

Run Build Command:"/usr/bin/make" "cmTC_396cc/fast"
/usr/bin/make -f CMakeFiles/cmTC_396cc.dir/build.make CMakeFiles/cmTC_396cc.dir/build
make[1]: Entering directory '/home/jupiter/programs/MITIE/mitielib/build/CMakeFiles/CMakeTmp'
Building C object CMakeFiles/cmTC_396cc.dir/CheckIncludeFile.c.o
/usr/bin/cc    -fPIE   -o CMakeFiles/cmTC_396cc.dir/CheckIncludeFile.c.o   -c /home/jupiter/programs/MITIE/mitielib/build/CMakeFiles/CMakeTmp/CheckIncludeFile.c
Linking C executable cmTC_396cc
/usr/bin/cmake -E cmake_link_script CMakeFiles/cmTC_396cc.dir/link.txt --verbose=1
/usr/bin/cc       CMakeFiles/cmTC_396cc.dir/CheckIncludeFile.c.o  -o cmTC_396cc -rdynamic 
make[1]: Leaving directory '/home/jupiter/programs/MITIE/mitielib/build/CMakeFiles/CMakeTmp'


Determining size of void* passed with the following output:
Change Dir: /home/jupiter/programs/MITIE/mitielib/build/CMakeFiles/CMakeTmp

Run Build Command:"/usr/bin/make" "cmTC_0b953/fast"
/usr/bin/make -f CMakeFiles/cmTC_0b953.dir/build.make CMakeFiles/cmTC_0b953.dir/build
make[1]: Entering directory '/home/jupiter/programs/MITIE/mitielib/build/CMakeFiles/CMakeTmp'
Building C object CMakeFiles/cmTC_0b953.dir/SIZE_OF_VOID_PTR.c.o
/usr/bin/cc    -fPIE   -o CMakeFiles/cmTC_0b953.dir/SIZE_OF_VOID_PTR.c.o   -c /home/jupiter/programs/MITIE/mitielib/build/CMakeFiles/CheckTypeSize/SIZE_OF_VOID_PTR.c
Linking C executable cmTC_0b953
/usr/bin/cmake -E cmake_link_script CMakeFiles/cmTC_0b953.dir/link.txt --verbose=1
/usr/bin/cc       CMakeFiles/cmTC_0b953.dir/SIZE_OF_VOID_PTR.c.o  -o cmTC_0b953 -rdynamic /usr/lib64/libjpeg.so 
make[1]: Leaving directory '/home/jupiter/programs/MITIE/mitielib/build/CMakeFiles/CMakeTmp'


Determining if the function cblas_ddot exists passed with the following output:
Change Dir: /home/jupiter/programs/MITIE/mitielib/build/CMakeFiles/CMakeTmp

Run Build Command:"/usr/bin/make" "cmTC_beb70/fast"
/usr/bin/make -f CMakeFiles/cmTC_beb70.dir/build.make CMakeFiles/cmTC_beb70.dir/build
make[1]: Entering directory '/home/jupiter/programs/MITIE/mitielib/build/CMakeFiles/CMakeTmp'
Building C object CMakeFiles/cmTC_beb70.dir/CheckFunctionExists.c.o
/usr/bin/cc    -DCHECK_FUNCTION_EXISTS=cblas_ddot -fPIE   -o CMakeFiles/cmTC_beb70.dir/CheckFunctionExists.c.o   -c /usr/share/cmake-3.7/Modules/CheckFunctionExists.c
Linking C executable cmTC_beb70
/usr/bin/cmake -E cmake_link_script CMakeFiles/cmTC_beb70.dir/link.txt --verbose=1
/usr/bin/cc   -DCHECK_FUNCTION_EXISTS=cblas_ddot    CMakeFiles/cmTC_beb70.dir/CheckFunctionExists.c.o  -o cmTC_beb70 -rdynamic /usr/lib64/libcblas.so 
make[1]: Leaving directory '/home/jupiter/programs/MITIE/mitielib/build/CMakeFiles/CMakeTmp'


Determining if the CXX compiler has std namespace passed with the following output:
Change Dir: /home/jupiter/programs/MITIE/mitielib/build/CMakeFiles/CMakeTmp

Run Build Command:"/usr/bin/make" "cmTC_ddcde/fast"
/usr/bin/make -f CMakeFiles/cmTC_ddcde.dir/build.make CMakeFiles/cmTC_ddcde.dir/build
make[1]: Entering directory '/home/jupiter/programs/MITIE/mitielib/build/CMakeFiles/CMakeTmp'
Building CXX object CMakeFiles/cmTC_ddcde.dir/TestForSTDNamespace.cxx.o
/usr/bin/c++     -Wreturn-type  -fPIE   -o CMakeFiles/cmTC_ddcde.dir/TestForSTDNamespace.cxx.o -c /usr/share/cmake-3.7/Modules/TestForSTDNamespace.cxx
Linking CXX executable cmTC_ddcde
/usr/bin/cmake -E cmake_link_script CMakeFiles/cmTC_ddcde.dir/link.txt --verbose=1
/usr/bin/c++    -Wreturn-type     CMakeFiles/cmTC_ddcde.dir/TestForSTDNamespace.cxx.o  -o cmTC_ddcde -rdynamic 
make[1]: Leaving directory '/home/jupiter/programs/MITIE/mitielib/build/CMakeFiles/CMakeTmp'


Determining if the include file iostream exists passed with the following output:
Change Dir: /home/jupiter/programs/MITIE/mitielib/build/CMakeFiles/CMakeTmp

Run Build Command:"/usr/bin/make" "cmTC_2cbeb/fast"
/usr/bin/make -f CMakeFiles/cmTC_2cbeb.dir/build.make CMakeFiles/cmTC_2cbeb.dir/build
make[1]: Entering directory '/home/jupiter/programs/MITIE/mitielib/build/CMakeFiles/CMakeTmp'
Building CXX object CMakeFiles/cmTC_2cbeb.dir/CheckIncludeFile.cxx.o
/usr/bin/c++     -Wreturn-type  -fPIE   -o CMakeFiles/cmTC_2cbeb.dir/CheckIncludeFile.cxx.o -c /home/jupiter/programs/MITIE/mitielib/build/CMakeFiles/CMakeTmp/CheckIncludeFile.cxx
Linking CXX executable cmTC_2cbeb
/usr/bin/cmake -E cmake_link_script CMakeFiles/cmTC_2cbeb.dir/link.txt --verbose=1
/usr/bin/c++    -Wreturn-type     CMakeFiles/cmTC_2cbeb.dir/CheckIncludeFile.cxx.o  -o cmTC_2cbeb -rdynamic 
make[1]: Leaving directory '/home/jupiter/programs/MITIE/mitielib/build/CMakeFiles/CMakeTmp'


